<?xml version="1.0" encoding="UTF-8"?>
<!-- Generated by org.testng.reporters.JUnitXMLReporter -->
<testsuite ignored="0" hostname="DESKTOP-0F5VV90" failures="0" tests="3" name="Default test" time="69.222" errors="0" timestamp="2026-02-01T09:10:12 IST">
  <testcase classname="testcases.LoginTest" name="TCC01_LoginTest" time="10.924"/>
  <testcase classname="testcases.LoginTest" name="TCC02_LoginTest" time="7.48"/>
  <testcase classname="testcases.LoginTest" name="TCC03_LoginTest" time="0.017"/>
</testsuite> <!-- Default test -->
