<?xml version="1.0" encoding="UTF-8"?>
<testng-results ignored="0" total="3" passed="3" failed="0" skipped="0">
  <reporter-output>
  </reporter-output>
  <suite started-at="2026-02-01T09:09:03 IST" name="Default suite" finished-at="2026-02-01T09:10:12 IST" duration-ms="69222">
    <groups>
    </groups>
    <test started-at="2026-02-01T09:09:03 IST" name="Default test" finished-at="2026-02-01T09:10:12 IST" duration-ms="69222">
      <class name="testcases.LoginTest">
        <test-method is-config="true" signature="set_up()[pri:0, instance:testcases.LoginTest@2b71e916]" started-at="2026-02-01T09:09:03 IST" name="set_up" finished-at="2026-02-01T09:09:22 IST" duration-ms="18610" status="PASS">
          <reporter-output>
          </reporter-output>
        </test-method> <!-- set_up -->
        <test-method signature="TCC01_LoginTest()[pri:0, instance:testcases.LoginTest@2b71e916]" started-at="2026-02-01T09:09:22 IST" name="TCC01_LoginTest" finished-at="2026-02-01T09:09:33 IST" duration-ms="10924" status="PASS">
          <reporter-output>
          </reporter-output>
        </test-method> <!-- TCC01_LoginTest -->
        <test-method is-config="true" signature="Tear_down()[pri:0, instance:testcases.LoginTest@2b71e916]" started-at="2026-02-01T09:09:33 IST" name="Tear_down" finished-at="2026-02-01T09:09:34 IST" duration-ms="886" status="PASS">
          <reporter-output>
          </reporter-output>
        </test-method> <!-- Tear_down -->
        <test-method is-config="true" signature="set_up()[pri:0, instance:testcases.LoginTest@2b71e916]" started-at="2026-02-01T09:09:34 IST" name="set_up" finished-at="2026-02-01T09:09:52 IST" duration-ms="18224" status="PASS">
          <reporter-output>
          </reporter-output>
        </test-method> <!-- set_up -->
        <test-method signature="TCC02_LoginTest()[pri:1, instance:testcases.LoginTest@2b71e916]" started-at="2026-02-01T09:09:52 IST" name="TCC02_LoginTest" finished-at="2026-02-01T09:09:59 IST" duration-ms="7480" status="PASS">
          <reporter-output>
          </reporter-output>
        </test-method> <!-- TCC02_LoginTest -->
        <test-method is-config="true" signature="Tear_down()[pri:0, instance:testcases.LoginTest@2b71e916]" started-at="2026-02-01T09:09:59 IST" name="Tear_down" finished-at="2026-02-01T09:10:00 IST" duration-ms="488" status="PASS">
          <reporter-output>
          </reporter-output>
        </test-method> <!-- Tear_down -->
        <test-method is-config="true" signature="set_up()[pri:0, instance:testcases.LoginTest@2b71e916]" started-at="2026-02-01T09:10:00 IST" name="set_up" finished-at="2026-02-01T09:10:12 IST" duration-ms="11919" status="PASS">
          <reporter-output>
          </reporter-output>
        </test-method> <!-- set_up -->
        <test-method signature="TCC03_LoginTest()[pri:2, instance:testcases.LoginTest@2b71e916]" started-at="2026-02-01T09:10:12 IST" name="TCC03_LoginTest" finished-at="2026-02-01T09:10:12 IST" duration-ms="17" status="PASS">
          <reporter-output>
          </reporter-output>
        </test-method> <!-- TCC03_LoginTest -->
        <test-method is-config="true" signature="Tear_down()[pri:0, instance:testcases.LoginTest@2b71e916]" started-at="2026-02-01T09:10:12 IST" name="Tear_down" finished-at="2026-02-01T09:10:12 IST" duration-ms="536" status="PASS">
          <reporter-output>
          </reporter-output>
        </test-method> <!-- Tear_down -->
      </class> <!-- testcases.LoginTest -->
    </test> <!-- Default test -->
  </suite> <!-- Default suite -->
</testng-results>
