<?xml version="1.0" encoding="UTF-8"?>
<!-- Generated by org.testng.reporters.JUnitReportReporter -->
<testsuite hostname="DESKTOP-0F5VV90" failures="0" tests="3" name="testcases.LoginTest" time="69.084" errors="0" timestamp="2026-02-01T09:10:13 IST" skipped="0">
  <testcase classname="testcases.LoginTest" name="TCC01_LoginTest" time="30.420"/>
  <testcase classname="testcases.LoginTest" name="TCC02_LoginTest" time="19.887"/>
  <testcase classname="testcases.LoginTest" name="TCC03_LoginTest" time="18.777"/>
</testsuite> <!-- testcases.LoginTest -->
